========================================
AUTENTICACAO — Operador
Timestamp: 2026-04-21T01:49:30Z
========================================
--- REQUEST ---
Method: POST
URL: http://localhost:5272/auth/login
Body: {"email": "operator@portabox.dev", "password": "[REDACTED]"}
--- RESPONSE ---
Status: 404
Body:
{
    "type": "https://tools.ietf.org/html/rfc9110#section-15.5.5",
    "title": "Recurso n\u00e3o encontrado",
    "status": 404,
    "detail": "O recurso solicitado n\u00e3o foi encontrado",
    "instance": "/auth/login",
    "traceId": "7d3f68e937570220423c2c3ca629e12f"
}
========================================
AUTENTICACAO — Operador
Timestamp: 2026-04-21T01:49:38Z
========================================
--- REQUEST ---
Method: POST
URL: http://localhost:5272/api/v1/auth/login
Body: {"email": "operator@portabox.dev", "password": "[REDACTED]"}
--- RESPONSE ---
Status: 200
Body:
{
    "userId": "0dcbb805-e21e-4db3-a196-e6e456b3ea2d",
    "role": "Operator",
    "tenantId": null
}
========================================
CT-01: Operador consulta Tenant A
Timestamp: 2026-04-21T01:49:52Z
========================================
--- REQUEST ---
Method: GET
URL: http://localhost:5272/api/v1/admin/condominios/4cce551d-4f18-474b-a42a-2deb6c2a0451/estrutura
--- RESPONSE ---
Status: 200
Body:
{
    "condominioId": "4cce551d-4f18-474b-a42a-2deb6c2a0451",
    "nomeFantasia": "QA Teste A - 1776724904",
    "blocos": [
        {
            "id": "f7fcaf43-5186-42cb-aa97-3888121323cb",
            "nome": "Bloco Conflito X QA",
            "ativo": true,
            "andares": []
        },
        {
            "id": "88037273-d560-4415-a1e2-b45a00dc5be4",
            "nome": "Bloco QA-01",
            "ativo": true,
            "andares": [
                {
                    "andar": 0,
                    "unidades": [
                        {
                            "id": "0608df78-27c8-439f-a0a5-b6511107fcad",
                            "numero": "01",
                            "ativo": true
                        }
                    ]
                },
                {
                    "andar": 1,
                    "unidades": [
                        {
                            "id": "f2a0b7cc-13d3-4c18-a36e-b5ba9fcfce33",
                            "numero": "101",
                            "ativo": true
                        },
                        {
                            "id": "c010da4e-b74e-4476-b2e2-2b0747b3bfbc",
                            "numero": "101A",
                            "ativo": true
                        },
                        {
                            "id": "d06623f6-1c32-41f9-b681-bf23070249b0",
                            "numero": "102B",
                            "ativo": true
                        }
                    ]
                },
                {
                    "andar": 5,
                    "unidades": [
                        {
                            "id": "368496a7-8296-41de-a908-9e03b83d4184",
                            "numero": "501",
                            "ativo": true
                        }
                    ]
                },
                {
                    "andar": 7,
                    "unidades": [
                        {
                            "id": "d05aca01-c7b2-41b0-8b1b-c2d3b7e45eee",
                            "numero": "701",
                            "ativo": true
                        }
                    ]
                },
                {
                    "andar": 8,
                    "unidades": [
                        {
                            "id": "44be8a2a-a722-43b5-b9c4-e2f4fc6594e3",
                            "numero": "801",
                            "ativo": true
                        },
                        {
                            "id": "c4c0af70-e2be-4d21-a8fa-d1521791cc56",
                            "numero": "802",
                            "ativo": true
                        }
                    ]
                },
                {
                    "andar": 10,
                    "unidades": [
                        {
                            "id": "45f39d2b-56ba-48bf-b36d-fc231b1013c0",
                            "numero": "1001",
                            "ativo": true
                        },
                        {
                            "id": "37bc9e13-78fb-440e-9b99-23f7b19f6c60",
                            "numero": "1002A",
                            "ativo": true
                        }
                    ]
                },
                {
                    "andar": 11,
                    "unidades": [
                        {
                            "id": "fed9b09a-e5e6-4b84-bc70-37e88412f698",
                            "numero": "1101",
                            "ativo": true
                        },
                        {
                            "id": "daa2350c-d8ec-4b77-ad60-f6a1ee529842",
                            "numero": "1102A",
                            "ativo": true
                        }
                    ]
                },
                {
                    "andar": 20,
                    "unidades": [
                        {
                            "id": "c0d95956-97a9-418b-8f8e-3d53bdcc5d3b",
                            "numero": "2001",
                            "ativo": true
                        }
                    ]
                },
                {
                    "andar": 50,
                    "unidades": [
                        {
                            "id": "660f8b54-7a57-4464-b78a-982b56c83c05",
                            "numero": "501",
                            "ativo": true
                        }
                    ]
                },
                {
                    "andar": 99,
                    "unidades": [
                        {
                            "id": "38a64689-e814-4a71-b943-6f44603cce5d",
                            "numero": "99",
                            "ativo": true
                        },
                        {
                            "id": "13064f03-745f-4394-8390-05b1d0add428",
                            "numero": "101",
                            "ativo": true
                        },
                        {
                            "id": "c0f931cf-291c-40c1-86ac-23fef1ed955c",
                            "numero": "101A",
                            "ativo": true
                        },
                        {
                            "id": "58cdeb53-91f5-4ec5-95ec-37510a41e0df",
                            "numero": "102",
                            "ativo": true
                        },
                        {
                            "id": "97e8872b-aa59-4379-9f82-1838b546a6dc",
                            "numero": "9901",
                            "ativo": true
                        },
                        {
                            "id": "2bf3daaa-38e3-4187-ae12-7131935e848b",
                            "numero": "9902A",
                            "ativo": true
                        }
                    ]
                }
            ]
        },
        {
            "id": "4c936a72-fc12-4f32-809f-3f290c4bc8ae",
            "nome": "Bloco QA-02 V3",
            "ativo": true,
            "andares": []
        },
        {
            "id": "ff2ed42b-e9d9-426e-81fa-6bd51b767174",
            "nome": "Bloco QA-03",
            "ativo": true,
            "andares": []
        },
        {
            "id": "ac7b8af5-4bfe-47f0-84b1-c03bc3160895",
            "nome": "Bloco Temp Cascata QA",
            "ativo": true,
            "andares": [
                {
                    "andar": 1,
                    "unidades": [
                        {
                            "id": "1e990dbb-aed4-40c0-a48b-7a721692f872",
                            "numero": "101",
                            "ativo": true
                        }
                    ]
                }
            ]
        },
        {
            "id": "54d4fbe9-e749-4ee4-8dc4-442355762b6c",
            "nome": "Bloco Temp Inativo QA",
            "ativo": true,
            "andares": []
        },
        {
            "id": "e6451b5b-bc1d-47e1-9300-2c5a50244273",
            "nome": "Bloco Temp Rename QA",
            "ativo": true,
            "andares": []
        },
        {
            "id": "e35e6a6d-23fd-41bd-8ffd-fd2caa6d3907",
            "nome": "Bloco UI Inativar QA",
            "ativo": true,
            "andares": []
        },
        {
            "id": "9aab2b47-1672-4686-ac12-6ce39b4c0f50",
            "nome": "Bloco UI-QA-01 Editado",
            "ativo": true,
            "andares": []
        }
    ],
    "geradoEm": "2026-04-21T01:49:52.4516439Z"
}
--- RESULTADO: PASS ---
========================================
CT-02: Operador consulta Tenant B
Timestamp: 2026-04-21T01:50:04Z
========================================
--- REQUEST ---
Method: GET
URL: http://localhost:5272/api/v1/admin/condominios/23fb219d-460a-4eee-a9e7-308d7665350b/estrutura
--- RESPONSE ---
Status: 200
Body (condominioId check):
condominioId: 23fb219d-460a-4eee-a9e7-308d7665350b
nomeFantasia: QA Teste B - 1776724968
blocos count: 1
--- RESULTADO: PASS --- condominioId matches Tenant B
========================================
CT-03: Operador com includeInactive=true em Tenant A
Timestamp: 2026-04-21T01:50:21Z
========================================
--- REQUEST ---
Method: GET
URL: http://localhost:5272/api/v1/admin/condominios/4cce551d-4f18-474b-a42a-2deb6c2a0451/estrutura?includeInactive=true
--- RESPONSE ---
Status: 200
Inativos encontrados: blocos_inativos=2, unidades_inativas=1
--- RESULTADO: PASS --- (inativos: blocos_inativos=2, unidades_inativas=1)
========================================
CT-04: Operador com includeInactive=false em Tenant A
Timestamp: 2026-04-21T01:50:21Z
========================================
--- REQUEST ---
Method: GET
URL: http://localhost:5272/api/v1/admin/condominios/4cce551d-4f18-474b-a42a-2deb6c2a0451/estrutura?includeInactive=false
--- RESPONSE ---
Status: 200
Inativos encontrados (expected=0): blocos_inativos=0, unidades_inativas=0
--- RESULTADO: PASS --- nenhum inativo na resposta
========================================
CT-05: Payload identico ao sindico
Timestamp: 2026-04-21T01:50:38Z
========================================
--- STEP 1: GET sindico endpoint for Tenant A ---
Method: GET
URL: http://localhost:5272/api/v1/condominios/4cce551d-4f18-474b-a42a-2deb6c2a0451/estrutura
Sindico status: 200
--- COMPARISON ---
Operator response: response_operator.json
Sindico response: response_sindico.json
Result: IDENTICAL
--- RESULTADO: PASS --- IDENTICAL
========================================
CT-06: CondominioId inexistente
Timestamp: 2026-04-21T01:50:49Z
========================================
--- REQUEST ---
Method: GET
URL: http://localhost:5272/api/v1/admin/condominios/00000000-0000-0000-0000-000000000000/estrutura
--- RESPONSE ---
Status: 404
Body:
{
    "type": "https://portabox.app/problems/not-found",
    "title": "Recurso n\u00e3o encontrado",
    "status": 404,
    "detail": "Condominio nao encontrado",
    "instance": "/api/v1/admin/condominios/00000000-0000-0000-0000-000000000000/estrutura",
    "traceId": "389c23d6bbb67d9f96ab2adb9ec7418c"
}
--- RESULTADO: PASS ---
========================================
CT-07: Sem autenticacao
Timestamp: 2026-04-21T01:51:06Z
========================================
--- REQUEST ---
Method: GET
URL: http://localhost:5272/api/v1/admin/condominios/4cce551d-4f18-474b-a42a-2deb6c2a0451/estrutura
Auth: none
--- RESPONSE ---
Status: 401
Body:
{
    "type": "https://tools.ietf.org/html/rfc9110#section-15.5.2",
    "title": "N\u00e3o autorizado",
    "status": 401,
    "detail": "Token de autentica\u00e7\u00e3o inv\u00e1lido ou expirado",
    "instance": "/api/v1/admin/condominios/4cce551d-4f18-474b-a42a-2deb6c2a0451/estrutura",
    "traceId": "deacd648b53ead757ca3a2095b13248f"
}
--- RESULTADO: PASS ---
========================================
CT-08: Sindico tentando acessar admin endpoint do proprio tenant
Timestamp: 2026-04-21T01:51:06Z
========================================
--- REQUEST ---
Method: GET
URL: http://localhost:5272/api/v1/admin/condominios/4cce551d-4f18-474b-a42a-2deb6c2a0451/estrutura
Auth: Sindico A cookie
--- RESPONSE ---
Status: 403
Body:
{
    "type": "https://tools.ietf.org/html/rfc9110#section-15.5.4",
    "title": "Acesso negado",
    "status": 403,
    "detail": "Voc\u00ea n\u00e3o tem permiss\u00e3o para executar esta opera\u00e7\u00e3o",
    "instance": "/api/v1/admin/condominios/4cce551d-4f18-474b-a42a-2deb6c2a0451/estrutura",
    "traceId": "277018c1ecda16ae419d5861bfdff82e"
}
--- RESULTADO: PASS ---
========================================
CT-09: Sindico A tentando acessar admin endpoint de Tenant B
Timestamp: 2026-04-21T01:51:06Z
========================================
--- REQUEST ---
Method: GET
URL: http://localhost:5272/api/v1/admin/condominios/23fb219d-460a-4eee-a9e7-308d7665350b/estrutura
Auth: Sindico A cookie
--- RESPONSE ---
Status: 403
Body:
{
    "type": "https://tools.ietf.org/html/rfc9110#section-15.5.4",
    "title": "Acesso negado",
    "status": 403,
    "detail": "Voc\u00ea n\u00e3o tem permiss\u00e3o para executar esta opera\u00e7\u00e3o",
    "instance": "/api/v1/admin/condominios/23fb219d-460a-4eee-a9e7-308d7665350b/estrutura",
    "traceId": "f4c90b01807ad9cf8330f0deac1d5432"
}
--- RESULTADO: PASS ---
========================================
CT-10: Operador tentando POST /condominios/{A}/blocos (escrita sindico)
Timestamp: 2026-04-21T01:51:19Z
========================================
--- REQUEST ---
Method: POST
URL: http://localhost:5272/api/v1/condominios/4cce551d-4f18-474b-a42a-2deb6c2a0451/blocos
Body: {"nome":"test-operator-write"}
Auth: Operator cookie
--- RESPONSE ---
Status: 403
Body:
{
    "type": "https://tools.ietf.org/html/rfc9110#section-15.5.4",
    "title": "Acesso negado",
    "status": 403,
    "detail": "Voc\u00ea n\u00e3o tem permiss\u00e3o para executar esta opera\u00e7\u00e3o",
    "instance": "/api/v1/condominios/4cce551d-4f18-474b-a42a-2deb6c2a0451/blocos",
    "traceId": "71e0254be60343acb484149ae36f5cb7"
}
--- RESULTADO: PASS ---
========================================
CT-11: Verificar ausencia de endpoints admin de mutation no contrato
Timestamp: 2026-04-21T01:51:32Z
========================================
Admin paths in api-contract.yaml:
  /admin/condominios/{condominioId}/estrutura:
    parameters:
      - $ref: "#/components/parameters/CondominioId"

Analysis: Only GET /admin/condominios/{condominioId}/estrutura exists.
No POST, PATCH, PUT, or DELETE admin paths found in contract.
--- RESULTADO: PASS (by contract review) ---
No admin mutation endpoints exist. ADR-005 complied: operator is read-only.
========================================
CT-13: Performance — 3x GET Tenant A como operador
Timestamp: 2026-04-21T01:52:56Z
Comparacao: task_07 CT-07 media 20ms
PRD threshold: < 1000ms para tenant com ate 100 unidades
========================================
Call 1: 15ms (HTTP 200)
Call 2: 17ms (HTTP 200)
Call 3: 18ms (HTTP 200)
Average: 16ms
Task07 CT-07 average for reference: 20ms (sindico endpoint)
PRD threshold: 1000ms for tenant with <= 100 units
--- RESULTADO: PASS --- average 16ms < 1000ms
